# JRE version: OpenJDK Runtime Environment (21.0.6) (build 21.0.6+-13391695-b895.109)
# Java VM: OpenJDK 64-Bit Server VM (21.0.6+-13391695-b895.109, mixed mode, tiered, compressed oops, compressed class ptrs, g1 gc, windows-amd64)
GC Precious Log:
 CardTable entry size: 512
 Card Set container configuration: InlinePtr #cards 5 size 8 Array Of Cards #cards 12 size 40 Howl #buckets 4 coarsen threshold 1843 Howl Bitmap #cards 512 size 80 coarsen threshold 460 Card regions per heap region 1 cards per card region 2048
 CPUs: 8 total, 8 available
 Memory: 16218M
 Large Page Support: Disabled
 NUMA Support: Disabled
 Compressed Oops: Enabled (32-bit)
 Heap Region Size: 1M
 Heap Min Capacity: 8M
 Heap Initial Capacity: 254M
 Heap Max Capacity: 2G
 Pre-touch: Disabled
 Parallel Workers: 8
 Concurrent Workers: 2
 Concurrent Refinement Workers: 8
 Periodic GC: Disabled
Heap:
 garbage-first heap   total 286720K, used 177152K [0x0000000080000000, 0x0000000100000000)
  region size 1024K, 32 young (32768K), 15 survivors (15360K)
 Metaspace       used 155976K, committed 158592K, reserved 1245184K
  class space    used 21292K, committed 22592K, reserved 1048576K
GC Heap History (20 events):
Event: 19.224 GC heap before
{Heap before GC invocations=43 (full 0):
 garbage-first heap   total 207872K, used 188566K [0x0000000080000000, 0x0000000100000000)
  region size 1024K, 66 young (67584K), 6 survivors (6144K)
 Metaspace       used 117329K, committed 119744K, reserved 1179648K
  class space    used 16048K, committed 17280K, reserved 1048576K
}
Event: 19.232 GC heap after
{Heap after GC invocations=44 (full 0):
 garbage-first heap   total 207872K, used 131019K [0x0000000080000000, 0x0000000100000000)
  region size 1024K, 5 young (5120K), 5 survivors (5120K)
 Metaspace       used 117329K, committed 119744K, reserved 1179648K
  class space    used 16048K, committed 17280K, reserved 1048576K
}
Event: 19.888 GC heap before
{Heap before GC invocations=45 (full 0):
 garbage-first heap   total 219136K, used 189387K [0x0000000080000000, 0x0000000100000000)
  region size 1024K, 63 young (64512K), 5 survivors (5120K)
 Metaspace       used 117410K, committed 119808K, reserved 1179648K
  class space    used 16054K, committed 17280K, reserved 1048576K
}
Event: 19.897 GC heap after
{Heap after GC invocations=46 (full 0):
 garbage-first heap   total 219136K, used 133007K [0x0000000080000000, 0x0000000100000000)
  region size 1024K, 5 young (5120K), 5 survivors (5120K)
 Metaspace       used 117410K, committed 119808K, reserved 1179648K
  class space    used 16054K, committed 17280K, reserved 1048576K
}
Event: 347.174 GC heap before
{Heap before GC invocations=46 (full 0):
 garbage-first heap   total 219136K, used 199567K [0x0000000080000000, 0x0000000100000000)
  region size 1024K, 71 young (72704K), 5 survivors (5120K)
 Metaspace       used 118814K, committed 121216K, reserved 1179648K
  class space    used 16228K, committed 17472K, reserved 1048576K
}
Event: 347.185 GC heap after
{Heap after GC invocations=47 (full 0):
 garbage-first heap   total 263168K, used 133227K [0x0000000080000000, 0x0000000100000000)
  region size 1024K, 7 young (7168K), 7 survivors (7168K)
 Metaspace       used 118814K, committed 121216K, reserved 1179648K
  class space    used 16228K, committed 17472K, reserved 1048576K
}
Event: 348.522 GC heap before
{Heap before GC invocations=47 (full 0):
 garbage-first heap   total 263168K, used 210027K [0x0000000080000000, 0x0000000100000000)
  region size 1024K, 84 young (86016K), 7 survivors (7168K)
 Metaspace       used 119468K, committed 121856K, reserved 1179648K
  class space    used 16267K, committed 17472K, reserved 1048576K
}
Event: 348.549 GC heap after
{Heap after GC invocations=48 (full 0):
 garbage-first heap   total 263168K, used 143860K [0x0000000080000000, 0x0000000100000000)
  region size 1024K, 14 young (14336K), 14 survivors (14336K)
 Metaspace       used 119468K, committed 121856K, reserved 1179648K
  class space    used 16267K, committed 17472K, reserved 1048576K
}
Event: 350.373 GC heap before
{Heap before GC invocations=49 (full 0):
 garbage-first heap   total 263168K, used 250356K [0x0000000080000000, 0x0000000100000000)
  region size 1024K, 102 young (104448K), 14 survivors (14336K)
 Metaspace       used 125262K, committed 127680K, reserved 1179648K
  class space    used 16822K, committed 18048K, reserved 1048576K
}
Event: 350.392 GC heap after
{Heap after GC invocations=50 (full 0):
 garbage-first heap   total 272384K, used 150081K [0x0000000080000000, 0x0000000100000000)
  region size 1024K, 6 young (6144K), 6 survivors (6144K)
 Metaspace       used 125262K, committed 127680K, reserved 1179648K
  class space    used 16822K, committed 18048K, reserved 1048576K
}
Event: 360.222 GC heap before
{Heap before GC invocations=50 (full 0):
 garbage-first heap   total 272384K, used 250433K [0x0000000080000000, 0x0000000100000000)
  region size 1024K, 103 young (105472K), 6 survivors (6144K)
 Metaspace       used 134208K, committed 136768K, reserved 1179648K
  class space    used 17840K, committed 19136K, reserved 1048576K
}
Event: 360.236 GC heap after
{Heap after GC invocations=51 (full 0):
 garbage-first heap   total 272384K, used 154530K [0x0000000080000000, 0x0000000100000000)
  region size 1024K, 12 young (12288K), 12 survivors (12288K)
 Metaspace       used 134208K, committed 136768K, reserved 1179648K
  class space    used 17840K, committed 19136K, reserved 1048576K
}
Event: 361.277 GC heap before
{Heap before GC invocations=51 (full 0):
 garbage-first heap   total 272384K, used 243618K [0x0000000080000000, 0x0000000100000000)
  region size 1024K, 100 young (102400K), 12 survivors (12288K)
 Metaspace       used 146721K, committed 149376K, reserved 1179648K
  class space    used 19925K, committed 21248K, reserved 1048576K
}
Event: 361.295 GC heap after
{Heap after GC invocations=52 (full 0):
 garbage-first heap   total 272384K, used 158593K [0x0000000080000000, 0x0000000100000000)
  region size 1024K, 10 young (10240K), 10 survivors (10240K)
 Metaspace       used 146721K, committed 149376K, reserved 1179648K
  class space    used 19925K, committed 21248K, reserved 1048576K
}
Event: 362.436 GC heap before
{Heap before GC invocations=53 (full 0):
 garbage-first heap   total 272384K, used 246657K [0x0000000080000000, 0x0000000100000000)
  region size 1024K, 97 young (99328K), 10 survivors (10240K)
 Metaspace       used 153450K, committed 156032K, reserved 1245184K
  class space    used 21026K, committed 22336K, reserved 1048576K
}
Event: 362.448 GC heap after
{Heap after GC invocations=54 (full 0):
 garbage-first heap   total 272384K, used 159225K [0x0000000080000000, 0x0000000100000000)
  region size 1024K, 5 young (5120K), 5 survivors (5120K)
 Metaspace       used 153450K, committed 156032K, reserved 1245184K
  class space    used 21026K, committed 22336K, reserved 1048576K
}
Event: 1209.589 GC heap before
{Heap before GC invocations=54 (full 0):
 garbage-first heap   total 272384K, used 270841K [0x0000000080000000, 0x0000000100000000)
  region size 1024K, 52 young (53248K), 5 survivors (5120K)
 Metaspace       used 155543K, committed 158144K, reserved 1245184K
  class space    used 21288K, committed 22592K, reserved 1048576K
}
Event: 1209.605 GC heap after
{Heap after GC invocations=55 (full 0):
 garbage-first heap   total 286720K, used 149106K [0x0000000080000000, 0x0000000100000000)
  region size 1024K, 4 young (4096K), 4 survivors (4096K)
 Metaspace       used 155543K, committed 158144K, reserved 1245184K
  class space    used 21288K, committed 22592K, reserved 1048576K
}
Event: 1210.640 GC heap before
{Heap before GC invocations=55 (full 0):
 garbage-first heap   total 286720K, used 266866K [0x0000000080000000, 0x0000000100000000)
  region size 1024K, 120 young (122880K), 4 survivors (4096K)
 Metaspace       used 155924K, committed 158528K, reserved 1245184K
  class space    used 21291K, committed 22592K, reserved 1048576K
}
Event: 1210.655 GC heap after
{Heap after GC invocations=56 (full 0):
 garbage-first heap   total 286720K, used 161792K [0x0000000080000000, 0x0000000100000000)
  region size 1024K, 15 young (15360K), 15 survivors (15360K)
 Metaspace       used 155924K, committed 158528K, reserved 1245184K
  class space    used 21291K, committed 22592K, reserved 1048576K
}

